[2024-03-13 01:33:12Z INFO HostContext] No proxy settings were found based on environmental variables (http_proxy/https_proxy/HTTP_PROXY/HTTPS_PROXY)
[2024-03-13 01:33:12Z INFO HostContext] Well known directory 'Bin': '/home/jigar/Documents/LinuxCourse/Linux-Assignment1/actions-runner/bin'
[2024-03-13 01:33:12Z INFO HostContext] Well known directory 'Root': '/home/jigar/Documents/LinuxCourse/Linux-Assignment1/actions-runner'
[2024-03-13 01:33:12Z INFO HostContext] Well known config file 'Credentials': '/home/jigar/Documents/LinuxCourse/Linux-Assignment1/actions-runner/.credentials'
[2024-03-13 01:33:12Z INFO HostContext] Well known directory 'Bin': '/home/jigar/Documents/LinuxCourse/Linux-Assignment1/actions-runner/bin'
[2024-03-13 01:33:12Z INFO HostContext] Well known directory 'Root': '/home/jigar/Documents/LinuxCourse/Linux-Assignment1/actions-runner'
[2024-03-13 01:33:12Z INFO HostContext] Well known config file 'Runner': '/home/jigar/Documents/LinuxCourse/Linux-Assignment1/actions-runner/.runner'
[2024-03-13 01:33:12Z INFO Listener] Runner is built for Linux (X64) - linux-x64.
[2024-03-13 01:33:12Z INFO Listener] RuntimeInformation: Linux 6.5.0-25-generic #25~22.04.1-Ubuntu SMP PREEMPT_DYNAMIC Tue Feb 20 16:09:15 UTC 2.
[2024-03-13 01:33:12Z INFO Listener] Version: 2.314.1
[2024-03-13 01:33:12Z INFO Listener] Commit: 976290d966e6cc3e748a49bf8fdbe139ff764201
[2024-03-13 01:33:12Z INFO Listener] Culture: en-US
[2024-03-13 01:33:12Z INFO Listener] UI Culture: en-US
[2024-03-13 01:33:12Z INFO HostContext] Well known directory 'Bin': '/home/jigar/Documents/LinuxCourse/Linux-Assignment1/actions-runner/bin'
[2024-03-13 01:33:12Z INFO HostContext] Well known directory 'Root': '/home/jigar/Documents/LinuxCourse/Linux-Assignment1/actions-runner'
[2024-03-13 01:33:12Z INFO Listener] Validating directory permissions for: '/home/jigar/Documents/LinuxCourse/Linux-Assignment1/actions-runner'
[2024-03-13 01:33:12Z INFO CommandLineParser] Parse
[2024-03-13 01:33:12Z INFO CommandLineParser] Parsing 5 args
[2024-03-13 01:33:12Z INFO CommandLineParser] parsing argument
[2024-03-13 01:33:12Z INFO CommandLineParser] HasArgs: False
[2024-03-13 01:33:12Z INFO CommandLineParser] Adding Command: configure
[2024-03-13 01:33:12Z INFO CommandLineParser] parsing argument
[2024-03-13 01:33:12Z INFO CommandLineParser] HasArgs: True
[2024-03-13 01:33:12Z INFO CommandLineParser] arg: url
[2024-03-13 01:33:12Z INFO CommandLineParser] parsing argument
[2024-03-13 01:33:12Z INFO CommandLineParser] HasArgs: True
[2024-03-13 01:33:12Z INFO CommandLineParser] Adding option 'url': 'https://github.com/jigarlpatel/Linux-Assignment1'
[2024-03-13 01:33:12Z INFO CommandLineParser] parsing argument
[2024-03-13 01:33:12Z INFO CommandLineParser] HasArgs: True
[2024-03-13 01:33:12Z INFO CommandLineParser] arg: token
[2024-03-13 01:33:12Z INFO CommandLineParser] parsing argument
[2024-03-13 01:33:12Z INFO CommandLineParser] HasArgs: True
[2024-03-13 01:33:12Z INFO CommandLineParser] Adding option 'token': '***'
[2024-03-13 01:33:12Z INFO Listener] Arguments parsed
[2024-03-13 01:33:12Z INFO Runner] ExecuteCommand
[2024-03-13 01:33:12Z INFO ConfigurationStore] currentAssemblyLocation: /home/jigar/Documents/LinuxCourse/Linux-Assignment1/actions-runner/bin/Runner.Listener.dll
[2024-03-13 01:33:12Z INFO HostContext] Well known directory 'Bin': '/home/jigar/Documents/LinuxCourse/Linux-Assignment1/actions-runner/bin'
[2024-03-13 01:33:12Z INFO ConfigurationStore] binPath: /home/jigar/Documents/LinuxCourse/Linux-Assignment1/actions-runner/bin
[2024-03-13 01:33:12Z INFO HostContext] Well known directory 'Bin': '/home/jigar/Documents/LinuxCourse/Linux-Assignment1/actions-runner/bin'
[2024-03-13 01:33:12Z INFO HostContext] Well known directory 'Root': '/home/jigar/Documents/LinuxCourse/Linux-Assignment1/actions-runner'
[2024-03-13 01:33:12Z INFO ConfigurationStore] RootFolder: /home/jigar/Documents/LinuxCourse/Linux-Assignment1/actions-runner
[2024-03-13 01:33:12Z INFO HostContext] Well known directory 'Bin': '/home/jigar/Documents/LinuxCourse/Linux-Assignment1/actions-runner/bin'
[2024-03-13 01:33:12Z INFO HostContext] Well known directory 'Root': '/home/jigar/Documents/LinuxCourse/Linux-Assignment1/actions-runner'
[2024-03-13 01:33:12Z INFO HostContext] Well known config file 'Runner': '/home/jigar/Documents/LinuxCourse/Linux-Assignment1/actions-runner/.runner'
[2024-03-13 01:33:12Z INFO ConfigurationStore] ConfigFilePath: /home/jigar/Documents/LinuxCourse/Linux-Assignment1/actions-runner/.runner
[2024-03-13 01:33:12Z INFO HostContext] Well known directory 'Bin': '/home/jigar/Documents/LinuxCourse/Linux-Assignment1/actions-runner/bin'
[2024-03-13 01:33:12Z INFO HostContext] Well known directory 'Root': '/home/jigar/Documents/LinuxCourse/Linux-Assignment1/actions-runner'
[2024-03-13 01:33:12Z INFO HostContext] Well known config file 'Credentials': '/home/jigar/Documents/LinuxCourse/Linux-Assignment1/actions-runner/.credentials'
[2024-03-13 01:33:12Z INFO ConfigurationStore] CredFilePath: /home/jigar/Documents/LinuxCourse/Linux-Assignment1/actions-runner/.credentials
[2024-03-13 01:33:12Z INFO HostContext] Well known directory 'Bin': '/home/jigar/Documents/LinuxCourse/Linux-Assignment1/actions-runner/bin'
[2024-03-13 01:33:12Z INFO HostContext] Well known directory 'Root': '/home/jigar/Documents/LinuxCourse/Linux-Assignment1/actions-runner'
[2024-03-13 01:33:12Z INFO HostContext] Well known config file 'MigratedCredentials': '/home/jigar/Documents/LinuxCourse/Linux-Assignment1/actions-runner/.credentials_migrated'
[2024-03-13 01:33:12Z INFO ConfigurationStore] MigratedCredFilePath: /home/jigar/Documents/LinuxCourse/Linux-Assignment1/actions-runner/.credentials_migrated
[2024-03-13 01:33:12Z INFO HostContext] Well known directory 'Bin': '/home/jigar/Documents/LinuxCourse/Linux-Assignment1/actions-runner/bin'
[2024-03-13 01:33:12Z INFO HostContext] Well known directory 'Root': '/home/jigar/Documents/LinuxCourse/Linux-Assignment1/actions-runner'
[2024-03-13 01:33:12Z INFO HostContext] Well known config file 'Service': '/home/jigar/Documents/LinuxCourse/Linux-Assignment1/actions-runner/.service'
[2024-03-13 01:33:12Z INFO ConfigurationStore] ServiceConfigFilePath: /home/jigar/Documents/LinuxCourse/Linux-Assignment1/actions-runner/.service
[2024-03-13 01:33:12Z INFO CommandSettings] Flag 'help': 'False'
[2024-03-13 01:33:12Z INFO CommandSettings] Flag 'version': 'False'
[2024-03-13 01:33:12Z INFO CommandSettings] Flag 'commit': 'False'
[2024-03-13 01:33:12Z INFO CommandSettings] Flag 'check': 'False'
[2024-03-13 01:33:12Z INFO CommandSettings] Command 'configure': 'True'
[2024-03-13 01:33:12Z INFO Terminal] WRITE LINE: 
[2024-03-13 01:33:12Z INFO Terminal] WRITE LINE: --------------------------------------------------------------------------------
[2024-03-13 01:33:12Z INFO Terminal] WRITE LINE: |        ____ _ _   _   _       _          _        _   _                      |
[2024-03-13 01:33:12Z INFO Terminal] WRITE LINE: |       / ___(_) |_| | | |_   _| |__      / \   ___| |_(_) ___  _ __  ___      |
[2024-03-13 01:33:12Z INFO Terminal] WRITE LINE: |      | |  _| | __| |_| | | | | '_ \    / _ \ / __| __| |/ _ \| '_ \/ __|     |
[2024-03-13 01:33:12Z INFO Terminal] WRITE LINE: |      | |_| | | |_|  _  | |_| | |_) |  / ___ \ (__| |_| | (_) | | | \__ \     |
[2024-03-13 01:33:12Z INFO Terminal] WRITE LINE: |       \____|_|\__|_| |_|\__,_|_.__/  /_/   \_\___|\__|_|\___/|_| |_|___/     |
[2024-03-13 01:33:12Z INFO Terminal] WRITE LINE: |                                                                              |
[2024-03-13 01:33:12Z INFO Terminal] WRITE: |                       
[2024-03-13 01:33:12Z INFO Terminal] WRITE: Self-hosted runner registration
[2024-03-13 01:33:12Z INFO Terminal] WRITE LINE:                         |
[2024-03-13 01:33:12Z INFO Terminal] WRITE LINE: |                                                                              |
[2024-03-13 01:33:12Z INFO Terminal] WRITE LINE: --------------------------------------------------------------------------------
[2024-03-13 01:33:12Z INFO ConfigurationManager] ConfigureAsync
[2024-03-13 01:33:12Z INFO CommandSettings] Flag 'generateServiceConfig': 'False'
[2024-03-13 01:33:12Z INFO ConfigurationStore] IsConfigured()
[2024-03-13 01:33:12Z INFO ConfigurationStore] IsConfigured: False
[2024-03-13 01:33:12Z INFO ConfigurationManager] Is configured: False
[2024-03-13 01:33:12Z INFO CommandSettings] Arg 'url': 'https://github.com/jigarlpatel/Linux-Assignment1'
[2024-03-13 01:33:12Z INFO CommandSettings] Remove url from Arg dictionary.
[2024-03-13 01:33:12Z INFO CommandSettings] Arg 'token': '***'
[2024-03-13 01:33:12Z INFO CommandSettings] Remove token from Arg dictionary.
[2024-03-13 01:33:13Z INFO ConfigurationManager] Http response code: OK from 'POST https://api.github.com/actions/runner-registration' (CC5A:6A30:384EE:66D48:65F10259)
[2024-03-13 01:33:13Z INFO ConfigurationManager] Using V2 flow: False
[2024-03-13 01:33:13Z INFO ConfigurationManager] cred retrieved via GitHub auth
[2024-03-13 01:33:13Z INFO RunnerServer] EstablishVssConnection
[2024-03-13 01:33:13Z INFO RunnerServer] Establish connection with 100 seconds timeout.
[2024-03-13 01:33:13Z INFO GitHubActionsService] Starting operation Location.GetConnectionData
[2024-03-13 01:33:13Z INFO RunnerServer] EstablishVssConnection
[2024-03-13 01:33:13Z INFO RunnerServer] Establish connection with 60 seconds timeout.
[2024-03-13 01:33:13Z INFO GitHubActionsService] Starting operation Location.GetConnectionData
[2024-03-13 01:33:13Z INFO RunnerServer] EstablishVssConnection
[2024-03-13 01:33:13Z INFO RunnerServer] Establish connection with 60 seconds timeout.
[2024-03-13 01:33:13Z INFO GitHubActionsService] Starting operation Location.GetConnectionData
[2024-03-13 01:33:14Z INFO GitHubActionsService] Finished operation Location.GetConnectionData
[2024-03-13 01:33:14Z INFO GitHubActionsService] Finished operation Location.GetConnectionData
[2024-03-13 01:33:14Z INFO GitHubActionsService] Finished operation Location.GetConnectionData
[2024-03-13 01:33:14Z INFO Terminal] WRITE LINE: 
[2024-03-13 01:33:14Z INFO ConfigurationManager] Test Connection complete.
[2024-03-13 01:33:14Z INFO HostContext] Well known directory 'Bin': '/home/jigar/Documents/LinuxCourse/Linux-Assignment1/actions-runner/bin'
[2024-03-13 01:33:14Z INFO HostContext] Well known directory 'Root': '/home/jigar/Documents/LinuxCourse/Linux-Assignment1/actions-runner'
[2024-03-13 01:33:14Z INFO HostContext] Well known config file 'RSACredentials': '/home/jigar/Documents/LinuxCourse/Linux-Assignment1/actions-runner/.credentials_rsaparams'
[2024-03-13 01:33:14Z INFO RSAFileKeyManager] Creating new RSA key using 2048-bit key length
[2024-03-13 01:33:15Z INFO RSAFileKeyManager] Successfully saved RSA key parameters to file /home/jigar/Documents/LinuxCourse/Linux-Assignment1/actions-runner/.credentials_rsaparams
[2024-03-13 01:33:15Z INFO RSAFileKeyManager] Which: 'chmod'
[2024-03-13 01:33:15Z INFO RSAFileKeyManager] Location: '/usr/bin/chmod'
[2024-03-13 01:33:15Z INFO HostContext] Well known directory 'Bin': '/home/jigar/Documents/LinuxCourse/Linux-Assignment1/actions-runner/bin'
[2024-03-13 01:33:15Z INFO HostContext] Well known directory 'Root': '/home/jigar/Documents/LinuxCourse/Linux-Assignment1/actions-runner'
[2024-03-13 01:33:15Z INFO ProcessInvokerWrapper] Starting process:
[2024-03-13 01:33:15Z INFO ProcessInvokerWrapper]   File name: '/usr/bin/chmod'
[2024-03-13 01:33:15Z INFO ProcessInvokerWrapper]   Arguments: '600 /home/jigar/Documents/LinuxCourse/Linux-Assignment1/actions-runner/.credentials_rsaparams'
[2024-03-13 01:33:15Z INFO ProcessInvokerWrapper]   Working directory: '/home/jigar/Documents/LinuxCourse/Linux-Assignment1/actions-runner'
[2024-03-13 01:33:15Z INFO ProcessInvokerWrapper]   Require exit code zero: 'False'
[2024-03-13 01:33:15Z INFO ProcessInvokerWrapper]   Encoding web name:  ; code page: ''
[2024-03-13 01:33:15Z INFO ProcessInvokerWrapper]   Force kill process on cancellation: 'False'
[2024-03-13 01:33:15Z INFO ProcessInvokerWrapper]   Redirected STDIN: 'False'
[2024-03-13 01:33:15Z INFO ProcessInvokerWrapper]   Persist current code page: 'False'
[2024-03-13 01:33:15Z INFO ProcessInvokerWrapper]   Keep redirected STDIN open: 'False'
[2024-03-13 01:33:15Z INFO ProcessInvokerWrapper]   High priority process: 'False'
[2024-03-13 01:33:15Z INFO ProcessInvokerWrapper] Process started with process id 8989, waiting for process exit.
[2024-03-13 01:33:15Z INFO ProcessInvokerWrapper] STDOUT/STDERR stream read finished.
[2024-03-13 01:33:15Z INFO ProcessInvokerWrapper] STDOUT/STDERR stream read finished.
[2024-03-13 01:33:15Z INFO ProcessInvokerWrapper] Finished process 8989 with exit code 0, and elapsed time 00:00:00.0081301.
[2024-03-13 01:33:15Z INFO RSAFileKeyManager] Successfully set permissions for RSA key parameters file /home/jigar/Documents/LinuxCourse/Linux-Assignment1/actions-runner/.credentials_rsaparams
[2024-03-13 01:33:15Z INFO CommandSettings] Arg 'runnergroup': ''
[2024-03-13 01:33:15Z INFO CommandSettings] Flag 'unattended': 'False'
[2024-03-13 01:33:15Z INFO PromptManager] ReadValue
[2024-03-13 01:33:15Z INFO Terminal] WRITE: Enter the name of the runner group to add this runner to: 
[2024-03-13 01:33:15Z INFO Terminal] WRITE: [press Enter for Default] 
[2024-03-13 01:33:15Z INFO Terminal] READ LINE
[2024-03-13 01:33:23Z INFO Terminal] Read value: ''
[2024-03-13 01:33:23Z INFO PromptManager] Falling back to the default: 'Default'
[2024-03-13 01:33:23Z INFO Terminal] WRITE LINE: 
[2024-03-13 01:33:23Z INFO ConfigurationManager] Found a self-hosted runner group with id 1 and name Default
[2024-03-13 01:33:23Z INFO CommandSettings] Flag 'disableupdate': 'False'
[2024-03-13 01:33:23Z INFO CommandSettings] Flag 'ephemeral': 'False'
[2024-03-13 01:33:23Z INFO CommandSettings] Arg 'name': ''
[2024-03-13 01:33:23Z INFO CommandSettings] Flag 'unattended': 'False'
[2024-03-13 01:33:23Z INFO PromptManager] ReadValue
[2024-03-13 01:33:23Z INFO Terminal] WRITE: Enter the name of runner: 
[2024-03-13 01:33:23Z INFO Terminal] WRITE: [press Enter for jigarLinux] 
[2024-03-13 01:33:23Z INFO Terminal] READ LINE
[2024-03-13 01:33:27Z INFO Terminal] Read value: ''
[2024-03-13 01:33:27Z INFO PromptManager] Falling back to the default: 'jigarLinux'
[2024-03-13 01:33:27Z INFO Terminal] WRITE LINE: 
[2024-03-13 01:33:27Z INFO CommandSettings] Arg 'labels': ''
[2024-03-13 01:33:27Z INFO CommandSettings] Flag 'unattended': 'False'
[2024-03-13 01:33:27Z INFO PromptManager] ReadValue
[2024-03-13 01:33:27Z INFO Terminal] WRITE: This runner will have the following labels: 'self-hosted', 'Linux', 'X64' 
Enter any additional labels (ex. label-1,label-2): 
[2024-03-13 01:33:27Z INFO Terminal] WRITE: [press Enter to skip] 
[2024-03-13 01:33:27Z INFO Terminal] READ LINE
[2024-03-13 01:33:31Z INFO Terminal] Read value: ''
[2024-03-13 01:33:31Z INFO Terminal] WRITE LINE: 
[2024-03-13 01:33:31Z INFO CommandSettings] Flag 'disableupdate': 'False'
[2024-03-13 01:33:31Z INFO CommandSettings] Flag 'no-default-labels': 'False'
[2024-03-13 01:33:31Z INFO CommandSettings] Flag 'disableupdate': 'False'
[2024-03-13 01:33:31Z INFO CommandSettings] Flag 'ephemeral': 'False'
[2024-03-13 01:33:31Z INFO ConfigurationStore] Saving OAuth credential @ /home/jigar/Documents/LinuxCourse/Linux-Assignment1/actions-runner/.credentials
[2024-03-13 01:33:31Z INFO ConfigurationStore] Credentials Saved.
[2024-03-13 01:33:31Z INFO ConfigurationStore] HasCredentials()
[2024-03-13 01:33:31Z INFO ConfigurationStore] stored True
[2024-03-13 01:33:31Z INFO CredentialManager] GetCredentialProvider
[2024-03-13 01:33:31Z INFO CredentialManager] Creating type OAuth
[2024-03-13 01:33:31Z INFO CredentialManager] Creating credential type: OAuth
[2024-03-13 01:33:31Z INFO RSAFileKeyManager] Loading RSA key parameters from file /home/jigar/Documents/LinuxCourse/Linux-Assignment1/actions-runner/.credentials_rsaparams
[2024-03-13 01:33:31Z INFO RunnerServer] EstablishVssConnection
[2024-03-13 01:33:31Z INFO RunnerServer] Establish connection with 100 seconds timeout.
[2024-03-13 01:33:31Z INFO GitHubActionsService] Starting operation Location.GetConnectionData
[2024-03-13 01:33:31Z INFO RunnerServer] EstablishVssConnection
[2024-03-13 01:33:31Z INFO RunnerServer] Establish connection with 60 seconds timeout.
[2024-03-13 01:33:31Z INFO GitHubActionsService] Starting operation Location.GetConnectionData
[2024-03-13 01:33:31Z INFO RunnerServer] EstablishVssConnection
[2024-03-13 01:33:31Z INFO RunnerServer] Establish connection with 60 seconds timeout.
[2024-03-13 01:33:31Z INFO GitHubActionsService] Starting operation Location.GetConnectionData
[2024-03-13 01:33:32Z INFO GitHubActionsService] Finished operation Location.GetConnectionData
[2024-03-13 01:33:32Z INFO GitHubActionsService] Finished operation Location.GetConnectionData
[2024-03-13 01:33:33Z INFO GitHubActionsService] Finished operation Location.GetConnectionData
[2024-03-13 01:33:33Z INFO RSAFileKeyManager] Loading RSA key parameters from file /home/jigar/Documents/LinuxCourse/Linux-Assignment1/actions-runner/.credentials_rsaparams
[2024-03-13 01:33:33Z INFO RSAFileKeyManager] Loading RSA key parameters from file /home/jigar/Documents/LinuxCourse/Linux-Assignment1/actions-runner/.credentials_rsaparams
[2024-03-13 01:33:34Z INFO GitHubActionsService] AAD Correlation ID for this token request: Unknown
[2024-03-13 01:33:34Z INFO CommandSettings] Arg 'work': ''
[2024-03-13 01:33:34Z INFO CommandSettings] Flag 'unattended': 'False'
[2024-03-13 01:33:34Z INFO PromptManager] ReadValue
[2024-03-13 01:33:34Z INFO Terminal] WRITE: Enter name of work folder: 
[2024-03-13 01:33:34Z INFO Terminal] WRITE: [press Enter for _work] 
[2024-03-13 01:33:34Z INFO Terminal] READ LINE
[2024-03-13 01:33:39Z INFO Terminal] Read value: ''
[2024-03-13 01:33:39Z INFO PromptManager] Falling back to the default: '_work'
[2024-03-13 01:33:39Z INFO ConfigurationStore] Saving runner settings.
[2024-03-13 01:33:39Z INFO ConfigurationStore] Settings Saved.
[2024-03-13 01:33:39Z INFO Terminal] WRITE LINE: 
[2024-03-13 01:33:39Z INFO Terminal] WRITE LINE: 
[2024-03-13 01:33:39Z INFO SystemDControlManager] Service name 'actions.runner.jigarlpatel-Linux-Assignment1.jigarLinux.service' display name 'GitHub Actions Runner (jigarlpatel-Linux-Assignment1.jigarLinux)' will be used for service configuration.
[2024-03-13 01:33:39Z INFO HostContext] Well known directory 'Bin': '/home/jigar/Documents/LinuxCourse/Linux-Assignment1/actions-runner/bin'
[2024-03-13 01:33:39Z INFO HostContext] Well known directory 'Root': '/home/jigar/Documents/LinuxCourse/Linux-Assignment1/actions-runner'
[2024-03-13 01:33:39Z INFO HostContext] Well known directory 'Bin': '/home/jigar/Documents/LinuxCourse/Linux-Assignment1/actions-runner/bin'
[2024-03-13 01:33:39Z INFO HostContext] Well known directory 'Bin': '/home/jigar/Documents/LinuxCourse/Linux-Assignment1/actions-runner/bin'
[2024-03-13 01:33:39Z INFO HostContext] Well known directory 'Root': '/home/jigar/Documents/LinuxCourse/Linux-Assignment1/actions-runner'
[2024-03-13 01:33:39Z INFO UnixUtil] Which: 'chmod'
[2024-03-13 01:33:39Z INFO UnixUtil] Location: '/usr/bin/chmod'
[2024-03-13 01:33:39Z INFO UnixUtil] Running /usr/bin/chmod 755 "/home/jigar/Documents/LinuxCourse/Linux-Assignment1/actions-runner/svc.sh"
[2024-03-13 01:33:39Z INFO ProcessInvokerWrapper] Starting process:
[2024-03-13 01:33:39Z INFO ProcessInvokerWrapper]   File name: '/usr/bin/chmod'
[2024-03-13 01:33:39Z INFO ProcessInvokerWrapper]   Arguments: '755 "/home/jigar/Documents/LinuxCourse/Linux-Assignment1/actions-runner/svc.sh"'
[2024-03-13 01:33:39Z INFO ProcessInvokerWrapper]   Working directory: '/home/jigar/Documents/LinuxCourse/Linux-Assignment1/actions-runner'
[2024-03-13 01:33:39Z INFO ProcessInvokerWrapper]   Require exit code zero: 'True'
[2024-03-13 01:33:39Z INFO ProcessInvokerWrapper]   Encoding web name:  ; code page: ''
[2024-03-13 01:33:39Z INFO ProcessInvokerWrapper]   Force kill process on cancellation: 'False'
[2024-03-13 01:33:39Z INFO ProcessInvokerWrapper]   Redirected STDIN: 'False'
[2024-03-13 01:33:39Z INFO ProcessInvokerWrapper]   Persist current code page: 'False'
[2024-03-13 01:33:39Z INFO ProcessInvokerWrapper]   Keep redirected STDIN open: 'False'
[2024-03-13 01:33:39Z INFO ProcessInvokerWrapper]   High priority process: 'False'
[2024-03-13 01:33:39Z INFO ProcessInvokerWrapper] Updated oom_score_adj to 500 for PID: 8995.
[2024-03-13 01:33:39Z INFO ProcessInvokerWrapper] Process started with process id 8995, waiting for process exit.
[2024-03-13 01:33:39Z INFO ProcessInvokerWrapper] STDOUT/STDERR stream read finished.
[2024-03-13 01:33:39Z INFO ProcessInvokerWrapper] STDOUT/STDERR stream read finished.
[2024-03-13 01:33:39Z INFO ProcessInvokerWrapper] Finished process 8995 with exit code 0, and elapsed time 00:00:00.0020552.
[2024-03-13 01:33:39Z INFO Listener] Runner execution has finished with return code 0
