[2024-03-10 14:48:59Z INFO HostContext] No proxy settings were found based on environmental variables (http_proxy/https_proxy/HTTP_PROXY/HTTPS_PROXY)
[2024-03-10 14:48:59Z INFO HostContext] Well known directory 'Bin': '/home/jigar/Documents/LinuxCourse/Linux-Assignment1/actions-runner/bin'
[2024-03-10 14:48:59Z INFO HostContext] Well known directory 'Root': '/home/jigar/Documents/LinuxCourse/Linux-Assignment1/actions-runner'
[2024-03-10 14:48:59Z INFO HostContext] Well known config file 'Credentials': '/home/jigar/Documents/LinuxCourse/Linux-Assignment1/actions-runner/.credentials'
[2024-03-10 14:48:59Z INFO HostContext] Well known directory 'Bin': '/home/jigar/Documents/LinuxCourse/Linux-Assignment1/actions-runner/bin'
[2024-03-10 14:48:59Z INFO HostContext] Well known directory 'Root': '/home/jigar/Documents/LinuxCourse/Linux-Assignment1/actions-runner'
[2024-03-10 14:48:59Z INFO HostContext] Well known config file 'Runner': '/home/jigar/Documents/LinuxCourse/Linux-Assignment1/actions-runner/.runner'
[2024-03-10 14:48:59Z INFO Listener] Runner is built for Linux (X64) - linux-x64.
[2024-03-10 14:48:59Z INFO Listener] RuntimeInformation: Linux 6.2.0-26-generic #26~22.04.1-Ubuntu SMP PREEMPT_DYNAMIC Thu Jul 13 16:27:29 UTC 2.
[2024-03-10 14:48:59Z INFO Listener] Version: 2.314.1
[2024-03-10 14:48:59Z INFO Listener] Commit: 976290d966e6cc3e748a49bf8fdbe139ff764201
[2024-03-10 14:48:59Z INFO Listener] Culture: en-US
[2024-03-10 14:48:59Z INFO Listener] UI Culture: en-US
[2024-03-10 14:48:59Z INFO HostContext] Well known directory 'Bin': '/home/jigar/Documents/LinuxCourse/Linux-Assignment1/actions-runner/bin'
[2024-03-10 14:48:59Z INFO HostContext] Well known directory 'Root': '/home/jigar/Documents/LinuxCourse/Linux-Assignment1/actions-runner'
[2024-03-10 14:48:59Z INFO Listener] Validating directory permissions for: '/home/jigar/Documents/LinuxCourse/Linux-Assignment1/actions-runner'
[2024-03-10 14:48:59Z INFO CommandLineParser] Parse
[2024-03-10 14:48:59Z INFO CommandLineParser] Parsing 1 args
[2024-03-10 14:48:59Z INFO CommandLineParser] parsing argument
[2024-03-10 14:48:59Z INFO CommandLineParser] HasArgs: False
[2024-03-10 14:48:59Z INFO CommandLineParser] Adding Command: run
[2024-03-10 14:48:59Z INFO Listener] Arguments parsed
[2024-03-10 14:48:59Z INFO Runner] ExecuteCommand
[2024-03-10 14:48:59Z INFO ConfigurationStore] currentAssemblyLocation: /home/jigar/Documents/LinuxCourse/Linux-Assignment1/actions-runner/bin/Runner.Listener.dll
[2024-03-10 14:48:59Z INFO HostContext] Well known directory 'Bin': '/home/jigar/Documents/LinuxCourse/Linux-Assignment1/actions-runner/bin'
[2024-03-10 14:48:59Z INFO ConfigurationStore] binPath: /home/jigar/Documents/LinuxCourse/Linux-Assignment1/actions-runner/bin
[2024-03-10 14:48:59Z INFO HostContext] Well known directory 'Bin': '/home/jigar/Documents/LinuxCourse/Linux-Assignment1/actions-runner/bin'
[2024-03-10 14:48:59Z INFO HostContext] Well known directory 'Root': '/home/jigar/Documents/LinuxCourse/Linux-Assignment1/actions-runner'
[2024-03-10 14:48:59Z INFO ConfigurationStore] RootFolder: /home/jigar/Documents/LinuxCourse/Linux-Assignment1/actions-runner
[2024-03-10 14:48:59Z INFO HostContext] Well known directory 'Bin': '/home/jigar/Documents/LinuxCourse/Linux-Assignment1/actions-runner/bin'
[2024-03-10 14:48:59Z INFO HostContext] Well known directory 'Root': '/home/jigar/Documents/LinuxCourse/Linux-Assignment1/actions-runner'
[2024-03-10 14:48:59Z INFO HostContext] Well known config file 'Runner': '/home/jigar/Documents/LinuxCourse/Linux-Assignment1/actions-runner/.runner'
[2024-03-10 14:48:59Z INFO ConfigurationStore] ConfigFilePath: /home/jigar/Documents/LinuxCourse/Linux-Assignment1/actions-runner/.runner
[2024-03-10 14:48:59Z INFO HostContext] Well known directory 'Bin': '/home/jigar/Documents/LinuxCourse/Linux-Assignment1/actions-runner/bin'
[2024-03-10 14:48:59Z INFO HostContext] Well known directory 'Root': '/home/jigar/Documents/LinuxCourse/Linux-Assignment1/actions-runner'
[2024-03-10 14:48:59Z INFO HostContext] Well known config file 'Credentials': '/home/jigar/Documents/LinuxCourse/Linux-Assignment1/actions-runner/.credentials'
[2024-03-10 14:48:59Z INFO ConfigurationStore] CredFilePath: /home/jigar/Documents/LinuxCourse/Linux-Assignment1/actions-runner/.credentials
[2024-03-10 14:48:59Z INFO HostContext] Well known directory 'Bin': '/home/jigar/Documents/LinuxCourse/Linux-Assignment1/actions-runner/bin'
[2024-03-10 14:48:59Z INFO HostContext] Well known directory 'Root': '/home/jigar/Documents/LinuxCourse/Linux-Assignment1/actions-runner'
[2024-03-10 14:48:59Z INFO HostContext] Well known config file 'MigratedCredentials': '/home/jigar/Documents/LinuxCourse/Linux-Assignment1/actions-runner/.credentials_migrated'
[2024-03-10 14:48:59Z INFO ConfigurationStore] MigratedCredFilePath: /home/jigar/Documents/LinuxCourse/Linux-Assignment1/actions-runner/.credentials_migrated
[2024-03-10 14:48:59Z INFO HostContext] Well known directory 'Bin': '/home/jigar/Documents/LinuxCourse/Linux-Assignment1/actions-runner/bin'
[2024-03-10 14:48:59Z INFO HostContext] Well known directory 'Root': '/home/jigar/Documents/LinuxCourse/Linux-Assignment1/actions-runner'
[2024-03-10 14:48:59Z INFO HostContext] Well known config file 'Service': '/home/jigar/Documents/LinuxCourse/Linux-Assignment1/actions-runner/.service'
[2024-03-10 14:48:59Z INFO ConfigurationStore] ServiceConfigFilePath: /home/jigar/Documents/LinuxCourse/Linux-Assignment1/actions-runner/.service
[2024-03-10 14:48:59Z INFO CommandSettings] Flag 'help': 'False'
[2024-03-10 14:48:59Z INFO CommandSettings] Flag 'version': 'False'
[2024-03-10 14:48:59Z INFO CommandSettings] Flag 'commit': 'False'
[2024-03-10 14:48:59Z INFO CommandSettings] Flag 'check': 'False'
[2024-03-10 14:48:59Z INFO CommandSettings] Command 'configure': 'False'
[2024-03-10 14:48:59Z INFO CommandSettings] Command 'remove': 'False'
[2024-03-10 14:48:59Z INFO CommandSettings] Command 'warmup': 'False'
[2024-03-10 14:48:59Z INFO ConfigurationManager] LoadSettings
[2024-03-10 14:48:59Z INFO ConfigurationStore] IsConfigured()
[2024-03-10 14:48:59Z INFO ConfigurationStore] IsConfigured: True
[2024-03-10 14:48:59Z INFO ConfigurationManager] Is configured: True
[2024-03-10 14:48:59Z INFO ConfigurationStore] Read setting file: 317 chars
[2024-03-10 14:48:59Z INFO ConfigurationManager] Settings Loaded
[2024-03-10 14:48:59Z INFO ConfigurationStore] IsServiceConfigured()
[2024-03-10 14:48:59Z INFO ConfigurationStore] IsServiceConfigured: False
[2024-03-10 14:48:59Z INFO CommandSettings] Command 'run': 'True'
[2024-03-10 14:48:59Z INFO ConfigurationStore] IsConfigured()
[2024-03-10 14:48:59Z INFO ConfigurationStore] IsConfigured: True
[2024-03-10 14:48:59Z INFO ConfigurationManager] Is configured: True
[2024-03-10 14:48:59Z INFO Runner] Could not parse the argument value '' for StartupType. Defaulting to Manual
[2024-03-10 14:48:59Z INFO Runner] Set runner startup type - Manual
[2024-03-10 14:48:59Z INFO CommandSettings] Flag 'once': 'False'
[2024-03-10 14:48:59Z INFO CommandSettings] Flag 'once': 'False'
[2024-03-10 14:48:59Z INFO Runner] RunAsync
[2024-03-10 14:48:59Z INFO ConfigurationManager] LoadSettings
[2024-03-10 14:48:59Z INFO ConfigurationStore] IsConfigured()
[2024-03-10 14:48:59Z INFO ConfigurationStore] IsConfigured: True
[2024-03-10 14:48:59Z INFO ConfigurationManager] Is configured: True
[2024-03-10 14:48:59Z INFO ConfigurationManager] Settings Loaded
[2024-03-10 14:48:59Z INFO MessageListener] {
  "AgentId": 2,
  "AgentName": "jigarLinux",
  "PoolId": 1,
  "PoolName": "Default",
  "ServerUrl": "https://pipelinesghubeus11.actions.githubusercontent.com/8oGcM2X7nz1QRtYzWQ9pMIV9jtQq4v6OKwwdHFWp4u9u05PcsG/",
  "GitHubUrl": "https://github.com/jigarlpatel/Linux-Assignment1",
  "WorkFolder": "selfHostedRunner"
}
[2024-03-10 14:48:59Z INFO MessageListener] Loading Credentials
[2024-03-10 14:48:59Z INFO ConfigurationStore] HasCredentials()
[2024-03-10 14:48:59Z INFO ConfigurationStore] stored True
[2024-03-10 14:48:59Z INFO CredentialManager] GetCredentialProvider
[2024-03-10 14:48:59Z INFO CredentialManager] Creating type OAuth
[2024-03-10 14:48:59Z INFO CredentialManager] Creating credential type: OAuth
[2024-03-10 14:48:59Z INFO HostContext] Well known directory 'Bin': '/home/jigar/Documents/LinuxCourse/Linux-Assignment1/actions-runner/bin'
[2024-03-10 14:48:59Z INFO HostContext] Well known directory 'Root': '/home/jigar/Documents/LinuxCourse/Linux-Assignment1/actions-runner'
[2024-03-10 14:48:59Z INFO HostContext] Well known config file 'RSACredentials': '/home/jigar/Documents/LinuxCourse/Linux-Assignment1/actions-runner/.credentials_rsaparams'
[2024-03-10 14:48:59Z INFO RSAFileKeyManager] Loading RSA key parameters from file /home/jigar/Documents/LinuxCourse/Linux-Assignment1/actions-runner/.credentials_rsaparams
[2024-03-10 14:48:59Z INFO MessageListener] Attempt to create session.
[2024-03-10 14:48:59Z INFO MessageListener] Connecting to the Runner Server...
[2024-03-10 14:48:59Z INFO RunnerServer] EstablishVssConnection
[2024-03-10 14:48:59Z INFO RunnerServer] Establish connection with 100 seconds timeout.
[2024-03-10 14:48:59Z INFO GitHubActionsService] Starting operation Location.GetConnectionData
[2024-03-10 14:48:59Z INFO RunnerServer] EstablishVssConnection
[2024-03-10 14:48:59Z INFO RunnerServer] Establish connection with 60 seconds timeout.
[2024-03-10 14:48:59Z INFO GitHubActionsService] Starting operation Location.GetConnectionData
[2024-03-10 14:48:59Z INFO RunnerServer] EstablishVssConnection
[2024-03-10 14:48:59Z INFO RunnerServer] Establish connection with 60 seconds timeout.
[2024-03-10 14:48:59Z INFO GitHubActionsService] Starting operation Location.GetConnectionData
[2024-03-10 14:49:00Z INFO GitHubActionsService] Finished operation Location.GetConnectionData
[2024-03-10 14:49:00Z INFO GitHubActionsService] Finished operation Location.GetConnectionData
[2024-03-10 14:49:00Z INFO GitHubActionsService] Finished operation Location.GetConnectionData
[2024-03-10 14:49:00Z INFO MessageListener] VssConnection created
[2024-03-10 14:49:00Z INFO Terminal] WRITE LINE: 
[2024-03-10 14:49:00Z INFO Terminal] WRITE LINE: 
[2024-03-10 14:49:00Z INFO RSAFileKeyManager] Loading RSA key parameters from file /home/jigar/Documents/LinuxCourse/Linux-Assignment1/actions-runner/.credentials_rsaparams
[2024-03-10 14:49:00Z INFO RSAFileKeyManager] Loading RSA key parameters from file /home/jigar/Documents/LinuxCourse/Linux-Assignment1/actions-runner/.credentials_rsaparams
[2024-03-10 14:49:01Z INFO GitHubActionsService] AAD Correlation ID for this token request: Unknown
[2024-03-10 14:49:01Z INFO MessageListener] Session created.
[2024-03-10 14:49:01Z INFO Terminal] WRITE LINE: Current runner version: '2.314.1'
[2024-03-10 14:49:01Z INFO Terminal] WRITE LINE: 2024-03-10 14:49:01Z: Listening for Jobs
[2024-03-10 14:49:01Z INFO JobDispatcher] Set runner/worker IPC timeout to 30 seconds.
[2024-03-10 14:51:28Z INFO Terminal] WRITE LINE: Exiting...
[2024-03-10 14:51:28Z INFO ConfigurationStore] IsServiceConfigured()
[2024-03-10 14:51:28Z INFO ConfigurationStore] IsServiceConfigured: False
[2024-03-10 14:51:28Z INFO HostContext] Runner will be shutdown for UserCancelled
[2024-03-10 14:51:28Z WARN GitHubActionsService] GET request to https://pipelinesghubeus11.actions.githubusercontent.com/8oGcM2X7nz1QRtYzWQ9pMIV9jtQq4v6OKwwdHFWp4u9u05PcsG/_apis/distributedtask/pools/1/messages?sessionId=30fef074-e5fe-492b-a22f-eee1368f37cd&status=Online&runnerVersion=2.314.1&os=Linux&architecture=X64&disableUpdate=false has been cancelled.
[2024-03-10 14:51:28Z INFO MessageListener] Get next message has been cancelled.
[2024-03-10 14:51:28Z INFO JobDispatcher] Shutting down JobDispatcher. Make sure all WorkerDispatcher has finished.
[2024-03-10 14:51:28Z INFO Runner] Deleting Runner Session...
[2024-03-10 14:51:28Z INFO Listener] Runner execution been cancelled.
